Build started 4/13/2015 3:00:09 PM.
     1>Project "C:\Users\james_000\Documents\GitHub\Graphics2\SkeletonProject\SkeletonProject\SkeletonProject.vcxproj" on node 2 (Build target(s)).
     1>ClCompile:
         C:\Program Files (x86)\Microsoft Visual Studio 12.0\VC\bin\CL.exe /c /Zi /nologo /W3 /WX- /O2 /Oy- /GL /D WIN32 /D NDEBUG /D _WINDOWS /D _MBCS /Gm- /EHsc /MD /GS /fp:precise /Zc:wchar_t /Zc:forScope /Fo"Release\\" /Fd"Release\vc120.pdb" /Gd /TP /analyze- /errorReport:prompt 3DClasses\BaseObject3D.cpp BaseMaterial.cpp Cone.cpp Cylinder.cpp NormalMapMaterial.cpp SkeletonClass.cpp Sky.cpp Sphere.cpp
         BaseObject3D.cpp
     1>c:\users\james_000\documents\github\graphics2\skeletonproject\skeletonproject\3dclasses\BaseObject3D.h(17): fatal error C1083: Cannot open include file: '../NormalMapMaterial.h': No such file or directory
         BaseMaterial.cpp
         Cone.cpp
     1>c:\users\james_000\documents\github\graphics2\skeletonproject\skeletonproject\3DClasses\BaseObject3D.h(17): fatal error C1083: Cannot open include file: '../NormalMapMaterial.h': No such file or directory
         Cylinder.cpp
     1>c:\users\james_000\documents\github\graphics2\skeletonproject\skeletonproject\3DClasses\BaseObject3D.h(17): fatal error C1083: Cannot open include file: '../NormalMapMaterial.h': No such file or directory
         NormalMapMaterial.cpp
     1>c1xx : fatal error C1083: Cannot open source file: 'NormalMapMaterial.cpp': No such file or directory
         SkeletonClass.cpp
     1>c:\users\james_000\documents\github\graphics2\skeletonproject\skeletonproject\3DClasses\BaseObject3D.h(17): fatal error C1083: Cannot open include file: '../NormalMapMaterial.h': No such file or directory
         Sky.cpp
     1>c:\users\james_000\documents\github\graphics2\skeletonproject\skeletonproject\3DClasses\BaseObject3D.h(17): fatal error C1083: Cannot open include file: '../NormalMapMaterial.h': No such file or directory
         Sphere.cpp
     1>c:\users\james_000\documents\github\graphics2\skeletonproject\skeletonproject\3DClasses\BaseObject3D.h(17): fatal error C1083: Cannot open include file: '../NormalMapMaterial.h': No such file or directory
     1>Done Building Project "C:\Users\james_000\Documents\GitHub\Graphics2\SkeletonProject\SkeletonProject\SkeletonProject.vcxproj" (Build target(s)) -- FAILED.

Build FAILED.

Time Elapsed 00:00:05.60
